<?xml version="1.0" encoding="UTF-8"?>
<!-- Generated by org.testng.reporters.JUnitReportReporter -->
<testsuite skipped="0" hostname="ShesiPC" name="frameWork_8.EndToEndF_New.TestHomeQaclick" tests="2" failures="0" timestamp="2020-04-19T01:13:06 BST" time="20.144" errors="0">
  <testcase name="loginQaclickAccess" time="8.022" classname="frameWork_8.EndToEndF_New.TestHomeQaclick"/>
  <testcase name="homeQaclickAccess" time="12.122" classname="frameWork_8.EndToEndF_New.TestHomeQaclick"/>
</testsuite> <!-- frameWork_8.EndToEndF_New.TestHomeQaclick -->
