<?xml version="1.0" encoding="UTF-8"?>
<!-- Generated by org.testng.reporters.JUnitReportReporter -->
<testsuite skipped="0" hostname="ShesiPC" name="frameWork_8.EndToEndF_New.AppTest" tests="1" failures="0" timestamp="2020-04-11T19:54:02 BST" time="26.649" errors="0">
  <testcase name="baseFileBrowserAccess" time="26.649" classname="frameWork_8.EndToEndF_New.AppTest"/>
</testsuite> <!-- frameWork_8.EndToEndF_New.AppTest -->
